c:\users\timbr\onedrive\documents\informatique\l3\semestre 6\modélisation\rage\modelisation\modelisation\modelisation\modelisation\debug\vc141.pdb
c:\users\timbr\onedrive\documents\informatique\l3\semestre 6\modélisation\rage\modelisation\modelisation\modelisation\modelisation\debug\vc141.idb
c:\users\timbr\onedrive\documents\informatique\l3\semestre 6\modélisation\rage\modelisation\modelisation\modelisation\modelisation\debug\source.obj
c:\users\timbr\onedrive\documents\informatique\l3\semestre 6\modélisation\rage\modelisation\modelisation\modelisation\debug\modelisation.exe
c:\users\timbr\onedrive\documents\informatique\l3\semestre 6\modélisation\rage\modelisation\modelisation\modelisation\debug\modelisation.ilk
c:\users\timbr\onedrive\documents\informatique\l3\semestre 6\modélisation\rage\modelisation\modelisation\modelisation\debug\modelisation.pdb
d:\projets\modelisation\modelisation\modelisation\debug\source.obj
d:\projets\modelisation\modelisation\modelisation\debug\vc140.idb
d:\projets\modelisation\modelisation\modelisation\debug\vc141.idb
d:\projets\modelisation\modelisation\modelisation\debug\vc140.pdb
d:\projets\modelisation\modelisation\modelisation\debug\vc141.pdb
d:\projets\modelisation\modelisation\debug\modelisation.pdb
d:\projets\modelisation\modelisation\debug\modelisation.exe
d:\projets\modelisation\modelisation\debug\modelisation.ilk
d:\projets\modelisation\modelisation\modelisation\debug\modelisation.tlog\cl.command.1.tlog
d:\projets\modelisation\modelisation\modelisation\debug\modelisation.tlog\cl.read.1.tlog
d:\projets\modelisation\modelisation\modelisation\debug\modelisation.tlog\cl.write.1.tlog
d:\projets\modelisation\modelisation\modelisation\debug\modelisation.tlog\link.command.1.tlog
d:\projets\modelisation\modelisation\modelisation\debug\modelisation.tlog\link.delete.1.tlog
d:\projets\modelisation\modelisation\modelisation\debug\modelisation.tlog\link.read.1.tlog
d:\projets\modelisation\modelisation\modelisation\debug\modelisation.tlog\link.write.1.tlog
